<?xml version="1.0" encoding="UTF-8"?>
<testExecutions version="1">
  <file path="/home/fabio/Documenti/SPG/spg/server/__test__/index.test.js">
    <testCase name="Testing get all products tests the base route and returns an array of orders" duration="78"/>
    <testCase name="Testing get all orders tests the base route and returns an array of orders" duration="14"/>
    <testCase name="Testing  Insert a new order should return code 200" duration="88"/>
    <testCase name="Test getClientById Should get value from client table" duration="22"/>
    <testCase name="Test getEmployeeById Should get value from employee table" duration="6"/>
    <testCase name="Test checkProductAvailability Should get integer" duration="7"/>
    <testCase name="Test insertOrderProduct Should get orderId" duration="7"/>
    <testCase name="Test getAll from wallet tests the base route and returns an array of wallets" duration="7"/>
    <testCase name="Test update wallet tests the base route and return a wallet updated" duration="23"/>
    <testCase name="Test body validation for wallet update tests the body of req and return with error for body not valid" duration="3"/>
    <testCase name="Test update wallet for valid client tests update of wallet for not valid client and return with error" duration="7"/>
    <testCase name="Test client creation Should return userId" duration="6"/>
    <testCase name="Test body validation of client creation Should return userId" duration="7"/>
    <testCase name="Test getAll from client tests the get from user to filter only clients" duration="8"/>
    <testCase name="Test email that already exists tests the get from user to search the email amoung the registered clients" duration="7"/>
    <testCase name="Test association wallet to new client tests the creation of wallet for new registered client and return id of new wallet" duration="9"/>
    <testCase name="Test update order tests the base route and return an order updated" duration="16"/>
    <testCase name="Test body validation for order update tests the body of req and return with error for body not valid" duration="6"/>
    <testCase name="Test update order for valid employee tests update of order for not valid employee and return with error" duration="2"/>
    <testCase name="Test association order to new client tests the creation of order for new registered client and return id of new order" duration="7"/>
  </file>
</testExecutions>