<?xml version="1.0" encoding="UTF-8"?>
<testExecutions version="1">
  <file path="/Users/aleloco/Documents/SoftEng2/spg/server/__test__/index.test.js">
    <testCase name="Testing get all products tests the base route and returns an array of products" duration="129"/>
    <testCase name="Testing get all orders tests the base route and returns an array of orders" duration="58"/>
    <testCase name="Testing the movies API tests the base route and returns true for status" duration="125"/>
    <testCase name="Test getClientById Should get value from client table" duration="10"/>
    <testCase name="Test getEmployeeById Should get value from employee table" duration="4"/>
    <testCase name="Test checkProductAvailability Should get integer" duration="15"/>
    <testCase name="Test insertOrderProduct Should get boolean" duration="5"/>
  </file>
</testExecutions>